[0mGET / [32m200[0m 205.504 ms - 14103[0m
[0mGET /js/home_posts.js [36m304[0m 15.661 ms - -[0m
[0mGET /css/header.css [32m200[0m 59.274 ms - -[0m
[0mGET /css/layout.css [32m200[0m 65.271 ms - -[0m
[0mGET /css/footer.css [32m200[0m 57.223 ms - -[0m
[0mGET /css/chat_box.css [32m200[0m 52.697 ms - -[0m
[0mGET /css/home.css [32m200[0m 80.937 ms - -[0m
[0mGET /js/home_comments.js [36m304[0m 13.938 ms - -[0m
[0mGET /js/toggle_likes.js [36m304[0m 15.140 ms - -[0m
[0mGET /js/chat_engine.js [36m304[0m 15.326 ms - -[0m
[0mGET / [36m304[0m 212.283 ms - -[0m
[0mGET /users/sign-in [32m200[0m 39.932 ms - 2224[0m
[0mPOST /users/create-session [36m302[0m 20.193 ms - 46[0m
[0mGET / [32m200[0m 79.607 ms - 20610[0m
[0mPOST /posts/create [32m200[0m 105.220 ms - 260[0m
[0mPOST /comments/create [36m302[0m 50.438 ms - 46[0m
[0mGET / [32m200[0m 177.001 ms - 22959[0m
[0mGET /users/sign-out [36m302[0m 22.524 ms - 46[0m
[0mGET / [32m200[0m 150.939 ms - 15692[0m
[0mGET /users/sign-in [36m304[0m 20.604 ms - -[0m
[0mGET /users/sign-in [36m304[0m 84.371 ms - -[0m
[0mGET / [32m200[0m 195.314 ms - 15414[0m
::1 - - [19/Apr/2021:13:32:07 +0000] "GET / HTTP/1.1" 200 3164 "-" "Mozilla/5.0 (Windows NT 10.0; Win64; x64) AppleWebKit/537.36 (KHTML, like Gecko) Chrome/89.0.4389.128 Safari/537.36"
::1 - - [19/Apr/2021:13:32:10 +0000] "GET /users/sign-in HTTP/1.1" 304 - "http://localhost:8000/" "Mozilla/5.0 (Windows NT 10.0; Win64; x64) AppleWebKit/537.36 (KHTML, like Gecko) Chrome/89.0.4389.128 Safari/537.36"
::1 - - [19/Apr/2021:13:32:15 +0000] "POST /users/create-session HTTP/1.1" 302 46 "http://localhost:8000/users/sign-in" "Mozilla/5.0 (Windows NT 10.0; Win64; x64) AppleWebKit/537.36 (KHTML, like Gecko) Chrome/89.0.4389.128 Safari/537.36"
::1 - - [19/Apr/2021:13:32:15 +0000] "GET / HTTP/1.1" 200 4386 "http://localhost:8000/users/sign-in" "Mozilla/5.0 (Windows NT 10.0; Win64; x64) AppleWebKit/537.36 (KHTML, like Gecko) Chrome/89.0.4389.128 Safari/537.36"
